0 info it worked if it ends with ok
1 verbose cli [ 'C:\\Program Files\\nodejs\\node.exe',
1 verbose cli   'C:\\Program Files\\nodejs\\node_modules\\npm\\bin\\npm-cli.js',
1 verbose cli   'install',
1 verbose cli   '--save-dev',
1 verbose cli   'Conversion' ]
2 info using npm@2.15.5
3 info using node@v4.4.6
4 verbose install initial load of E:\project\BlogSite-Node-master\package.json
5 verbose installManyTop reading scoped package data from E:\project\BlogSite-Node-master\node_modules\async\package.json
6 verbose installManyTop reading scoped package data from E:\project\BlogSite-Node-master\node_modules\body-parser\package.json
7 verbose installManyTop reading scoped package data from E:\project\BlogSite-Node-master\node_modules\cookie-parser\package.json
8 verbose installManyTop reading scoped package data from E:\project\BlogSite-Node-master\node_modules\debug\package.json
9 verbose installManyTop reading scoped package data from E:\project\BlogSite-Node-master\node_modules\express\package.json
10 verbose installManyTop reading scoped package data from E:\project\BlogSite-Node-master\node_modules\express-handlebars\package.json
11 verbose installManyTop reading scoped package data from E:\project\BlogSite-Node-master\node_modules\hbs\package.json
12 verbose installManyTop reading scoped package data from E:\project\BlogSite-Node-master\node_modules\moment\package.json
13 verbose installManyTop reading scoped package data from E:\project\BlogSite-Node-master\node_modules\mongoose\package.json
14 verbose installManyTop reading scoped package data from E:\project\BlogSite-Node-master\node_modules\morgan\package.json
15 verbose installManyTop reading scoped package data from E:\project\BlogSite-Node-master\node_modules\nodepdf\package.json
16 verbose installManyTop reading scoped package data from E:\project\BlogSite-Node-master\node_modules\phantomjs\package.json
17 verbose installManyTop reading scoped package data from E:\project\BlogSite-Node-master\node_modules\remarkable\package.json
18 verbose installManyTop reading scoped package data from E:\project\BlogSite-Node-master\node_modules\serve-favicon\package.json
19 verbose readDependencies loading dependencies from E:\project\BlogSite-Node-master\package.json
20 silly cache add args [ 'Conversion', null ]
21 verbose cache add spec Conversion
22 silly cache add parsed spec Result {
22 silly cache add   raw: 'Conversion',
22 silly cache add   scope: null,
22 silly cache add   name: 'Conversion',
22 silly cache add   rawSpec: '',
22 silly cache add   spec: 'latest',
22 silly cache add   type: 'tag' }
23 silly addNamed Conversion@latest
24 verbose addNamed "latest" is being treated as a dist-tag for Conversion
25 info addNameTag [ 'Conversion', 'latest' ]
26 silly mapToRegistry name Conversion
27 silly mapToRegistry using default registry
28 silly mapToRegistry registry http://registry.npm.taobao.org/
29 silly mapToRegistry data Result {
29 silly mapToRegistry   raw: 'Conversion',
29 silly mapToRegistry   scope: null,
29 silly mapToRegistry   name: 'Conversion',
29 silly mapToRegistry   rawSpec: '',
29 silly mapToRegistry   spec: 'latest',
29 silly mapToRegistry   type: 'tag' }
30 silly mapToRegistry uri http://registry.npm.taobao.org/Conversion
31 verbose addNameTag registry:http://registry.npm.taobao.org/Conversion not in flight; fetching
32 verbose request uri http://registry.npm.taobao.org/Conversion
33 verbose request no auth needed
34 info attempt registry request try #1 at 19:27:32
35 verbose request id 1695640cff3be7a7
36 http request GET http://registry.npm.taobao.org/Conversion
37 http 404 http://registry.npm.taobao.org/Conversion
38 verbose headers { 'content-type': 'application/json',
38 verbose headers   'cache-control': 'max-age=0',
38 verbose headers   'content-length': '2',
38 verbose headers   'accept-ranges': 'bytes',
38 verbose headers   date: 'Thu, 30 Jun 2016 11:27:36 GMT',
38 verbose headers   via: '1.1 varnish',
38 verbose headers   age: '0',
38 verbose headers   connection: 'close',
38 verbose headers   'x-served-by': 'cache-lhr6322-LHR',
38 verbose headers   'x-cache': 'MISS',
38 verbose headers   'x-cache-hits': '0',
38 verbose headers   'x-timer': 'S1467286056.413444,VS0,VE186',
38 verbose headers   vary: 'Accept-Encoding' }
39 silly get cb [ 404,
39 silly get   { 'content-type': 'application/json',
39 silly get     'cache-control': 'max-age=0',
39 silly get     'content-length': '2',
39 silly get     'accept-ranges': 'bytes',
39 silly get     date: 'Thu, 30 Jun 2016 11:27:36 GMT',
39 silly get     via: '1.1 varnish',
39 silly get     age: '0',
39 silly get     connection: 'close',
39 silly get     'x-served-by': 'cache-lhr6322-LHR',
39 silly get     'x-cache': 'MISS',
39 silly get     'x-cache-hits': '0',
39 silly get     'x-timer': 'S1467286056.413444,VS0,VE186',
39 silly get     vary: 'Accept-Encoding' } ]
40 verbose stack Error: Registry returned 404 for GET on http://registry.npm.taobao.org/Conversion
40 verbose stack     at makeError (C:\Program Files\nodejs\node_modules\npm\node_modules\npm-registry-client\lib\request.js:264:12)
40 verbose stack     at CachingRegistryClient.<anonymous> (C:\Program Files\nodejs\node_modules\npm\node_modules\npm-registry-client\lib\request.js:242:14)
40 verbose stack     at Request._callback (C:\Program Files\nodejs\node_modules\npm\node_modules\npm-registry-client\lib\request.js:172:14)
40 verbose stack     at Request.self.callback (C:\Program Files\nodejs\node_modules\npm\node_modules\request\request.js:200:22)
40 verbose stack     at emitTwo (events.js:87:13)
40 verbose stack     at Request.emit (events.js:172:7)
40 verbose stack     at Request.<anonymous> (C:\Program Files\nodejs\node_modules\npm\node_modules\request\request.js:1067:10)
40 verbose stack     at emitOne (events.js:82:20)
40 verbose stack     at Request.emit (events.js:169:7)
40 verbose stack     at IncomingMessage.<anonymous> (C:\Program Files\nodejs\node_modules\npm\node_modules\request\request.js:988:12)
41 verbose statusCode 404
42 verbose pkgid Conversion
43 verbose cwd E:\project\BlogSite-Node-master
44 error Windows_NT 10.0.10586
45 error argv "C:\\Program Files\\nodejs\\node.exe" "C:\\Program Files\\nodejs\\node_modules\\npm\\bin\\npm-cli.js" "install" "--save-dev" "Conversion"
46 error node v4.4.6
47 error npm  v2.15.5
48 error code E404
49 error 404 Registry returned 404 for GET on http://registry.npm.taobao.org/Conversion
49 error 404
49 error 404 'Conversion' is not in the npm registry.
49 error 404 Your package name is not valid, because
49 error 404
49 error 404  1. name can no longer contain capital letters
49 error 404 It was specified as a dependency of 'Blog'
49 error 404
49 error 404 Note that you can also install from a
49 error 404 tarball, folder, http url, or git url.
50 verbose exit [ 1, true ]
